<?xml version="1.0" encoding="UTF-8"?>
<!-- Generated by org.testng.reporters.JUnitReportReporter -->
<testsuite hostname="LAPTOP-E7SUVGUR" failures="0" tests="1" name="com.postverify.responseverify" time="2.663" errors="0" timestamp="15 May 2021 09:27:00 GMT" skipped="0">
  <testcase classname="com.postverify.responseverify" name="verify" time="2.663"/>
</testsuite> <!-- com.postverify.responseverify -->
