<?xml version="1.0" encoding="UTF-8"?>
<!-- Generated by org.testng.reporters.JUnitReportReporter -->
<testsuite hostname="LAPTOP-E7SUVGUR" failures="0" tests="1" name="com.Student.StudentTest" time="1.519" errors="0" timestamp="17 May 2021 04:10:15 GMT" skipped="0">
  <testcase classname="com.Student.StudentTest" name="jsonparse" time="1.519"/>
</testsuite> <!-- com.Student.StudentTest -->
