<?xml version="1.0" encoding="UTF-8"?>
<!-- Generated by org.testng.reporters.JUnitReportReporter -->
<testsuite hostname="LAPTOP-E7SUVGUR" failures="0" tests="1" name="com.Student.StudentTest" time="0.425" errors="0" timestamp="15 May 2021 03:36:06 GMT" skipped="0">
  <testcase classname="com.Student.StudentTest" name="jsonparse" time="0.425"/>
</testsuite> <!-- com.Student.StudentTest -->
