<?xml version="1.0" encoding="UTF-8"?>
<!-- Generated by org.testng.reporters.JUnitReportReporter -->
<testsuite hostname="LAPTOP-E7SUVGUR" failures="0" tests="1" name="com.salesforce.testcase.Homepagetest" time="9.403" errors="0" timestamp="17 Apr 2021 06:55:34 GMT" skipped="0">
  <testcase classname="com.salesforce.testcase.Homepagetest" name="searchcity" time="9.403"/>
</testsuite> <!-- com.salesforce.testcase.Homepagetest -->
