<?xml version="1.0" encoding="UTF-8"?>
<!-- Generated by org.testng.reporters.JUnitReportReporter -->
<testsuite hostname="LAPTOP-E7SUVGUR" failures="0" tests="1" name="com.salesforce.testcase.Searchpagetest" time="8.627" errors="0" timestamp="17 Apr 2021 06:55:34 GMT" skipped="0">
  <testcase classname="com.salesforce.testcase.Searchpagetest" name="verifysearch" time="8.627"/>
</testsuite> <!-- com.salesforce.testcase.Searchpagetest -->
